

times in msec
 clock   self+sourced   self:  sourced script
 clock   elapsed:              other lines

001.194  001.194: --- NVIM STARTING ---
018.022  016.827: locale set
031.762  013.740: inits 1
032.597  000.835: window checked
032.602  000.005: parsing arguments
033.377  000.775: expanding arguments
033.432  000.054: inits 2
033.833  000.401: init highlight
033.834  000.002: waiting for UI
034.572  000.738: done waiting for UI
034.586  000.014: initialized screen early for UI
035.198  000.020  000.020: sourcing /usr/share/nvim/archlinux.vim
035.207  000.054  000.034: sourcing /etc/xdg//nvim/sysinit.vim
050.889  000.691  000.691: sourcing /tmp/.mount_nvimg5SGj5/usr/share/nvim/runtime/syntax/syncolor.vim
052.557  000.130  000.130: sourcing /home/blake/.config/nvim/pack/lsp/opt/nvim-compe/plugin/compe.vim
052.728  017.500  016.680: sourcing /home/blake/.config/nvim/init.lua
052.738  000.598: sourcing vimrc file(s)
059.453  000.033  000.033: sourcing /usr/share/vim/vimfiles/ftdetect/lf.vim
059.645  000.013  000.013: sourcing /home/blake/.config/nvim/pack/lsp/start/nvim-treesitter/ftdetect/gdscript.vim
059.673  000.012  000.012: sourcing /home/blake/.config/nvim/pack/lsp/start/nvim-treesitter/ftdetect/gomod.vim
059.703  000.017  000.017: sourcing /home/blake/.config/nvim/pack/lsp/start/nvim-treesitter/ftdetect/hcl.vim
059.735  000.018  000.018: sourcing /home/blake/.config/nvim/pack/lsp/start/nvim-treesitter/ftdetect/query.vim
059.759  000.010  000.010: sourcing /home/blake/.config/nvim/pack/lsp/start/nvim-treesitter/ftdetect/yang.vim
060.830  007.984  007.881: sourcing /tmp/.mount_nvimg5SGj5/usr/share/nvim/runtime/filetype.vim
061.801  000.569  000.569: sourcing /tmp/.mount_nvimg5SGj5/usr/share/nvim/runtime/ftplugin.vim
062.965  000.502  000.502: sourcing /tmp/.mount_nvimg5SGj5/usr/share/nvim/runtime/indent.vim
064.061  000.030  000.030: sourcing /home/blake/.config/nvim/pack/colors/opt/zephyr-nvim/colors/zephyr.vim
064.144  000.190  000.160: sourcing /tmp/.mount_nvimg5SGj5/usr/share/nvim/runtime/syntax/synload.vim
064.227  000.870  000.680: sourcing /tmp/.mount_nvimg5SGj5/usr/share/nvim/runtime/syntax/syntax.vim
064.819  000.014  000.014: sourcing /home/blake/.config/nvim/pack/lsp/opt/nvim-compe/plugin/compe.vim
065.738  000.409  000.409: sourcing /tmp/.mount_nvimg5SGj5/usr/share/nvim/runtime/plugin/gzip.vim
065.809  000.031  000.031: sourcing /tmp/.mount_nvimg5SGj5/usr/share/nvim/runtime/plugin/health.vim
066.075  000.232  000.232: sourcing /tmp/.mount_nvimg5SGj5/usr/share/nvim/runtime/plugin/man.vim
066.138  000.032  000.032: sourcing /tmp/.mount_nvimg5SGj5/usr/share/nvim/runtime/plugin/matchit.vim
066.344  000.178  000.178: sourcing /tmp/.mount_nvimg5SGj5/usr/share/nvim/runtime/plugin/matchparen.vim
066.412  000.035  000.035: sourcing /tmp/.mount_nvimg5SGj5/usr/share/nvim/runtime/plugin/netrwPlugin.vim
066.604  000.164  000.164: sourcing /tmp/.mount_nvimg5SGj5/usr/share/nvim/runtime/plugin/rplugin.vim
066.820  000.185  000.185: sourcing /tmp/.mount_nvimg5SGj5/usr/share/nvim/runtime/plugin/shada.vim
066.879  000.024  000.024: sourcing /tmp/.mount_nvimg5SGj5/usr/share/nvim/runtime/plugin/spellfile.vim
066.940  000.029  000.029: sourcing /tmp/.mount_nvimg5SGj5/usr/share/nvim/runtime/plugin/tarPlugin.vim
067.001  000.030  000.030: sourcing /tmp/.mount_nvimg5SGj5/usr/share/nvim/runtime/plugin/tohtml.vim
067.062  000.031  000.031: sourcing /tmp/.mount_nvimg5SGj5/usr/share/nvim/runtime/plugin/tutor.vim
067.121  000.029  000.029: sourcing /tmp/.mount_nvimg5SGj5/usr/share/nvim/runtime/plugin/zipPlugin.vim
067.853  000.617  000.617: sourcing /usr/share/vim/vimfiles/plugin/fzf.vim
067.981  000.099  000.099: sourcing /usr/share/vim/vimfiles/plugin/redact_pass.vim
071.272  003.179  003.179: sourcing /home/blake/.config/nvim/plugin/compe.lua
086.981  015.683  015.683: sourcing /home/blake/.config/nvim/plugin/lspconfig.lua
091.164  004.152  004.152: sourcing /home/blake/.config/nvim/plugin/miscsetup.lua
095.547  004.350  004.350: sourcing /home/blake/.config/nvim/plugin/treesitter.lua
096.035  003.869: loading plugins
096.302  000.098  000.098: sourcing /home/blake/.config/nvim/pack/lsp/start/nvim-lspconfig/plugin/lspconfig.vim
096.496  000.048  000.048: sourcing /home/blake/.config/nvim/pack/lsp/start/nvim-lspinstall/plugin/lspinstall.vim
099.172  002.561  002.561: sourcing /home/blake/.config/nvim/pack/lsp/start/nvim-treesitter/plugin/nvim-treesitter.vim
099.326  000.015  000.015: sourcing /home/blake/.config/nvim/pack/lsp/start/nvim-treesitter/ftdetect/gdscript.vim
099.354  000.011  000.011: sourcing /home/blake/.config/nvim/pack/lsp/start/nvim-treesitter/ftdetect/gomod.vim
099.385  000.017  000.017: sourcing /home/blake/.config/nvim/pack/lsp/start/nvim-treesitter/ftdetect/hcl.vim
099.422  000.019  000.019: sourcing /home/blake/.config/nvim/pack/lsp/start/nvim-treesitter/ftdetect/query.vim
099.447  000.010  000.010: sourcing /home/blake/.config/nvim/pack/lsp/start/nvim-treesitter/ftdetect/yang.vim
101.017  001.491  001.491: sourcing /home/blake/.config/nvim/pack/other/start/kommentary/plugin/kommentary.vim
101.215  000.071  000.071: sourcing /home/blake/.config/nvim/pack/other/start/nvim-autopairs/plugin/nvim-autopairs.vim
101.344  000.013  000.013: sourcing /home/blake/.config/nvim/pack/other/start/surround.nvim/plugin/surround.vim
101.470  000.019  000.019: sourcing /home/blake/.config/nvim/pack/other/start/which-key.nvim/plugin/which-key.vim
101.707  001.299: loading packages
105.657  003.881  003.881: sourcing /home/blake/.config/nvim/pack/lsp/opt/nvim-compe/after/plugin/compe.vim
105.913  000.326: loading after plugins
105.931  000.018: inits 3
108.208  002.277: reading ShaDa
108.461  000.253: opening buffers
108.509  000.048: BufEnter autocommands
108.513  000.004: editing files in windows
123.045  014.533: VimEnter autocommands
123.054  000.008: UIEnter autocommands
124.002  000.646  000.646: sourcing /tmp/.mount_nvimg5SGj5/usr/share/nvim/runtime/autoload/provider/clipboard.vim
124.017  000.318: before starting main loop
124.540  000.523: first screen update
124.545  000.005: --- NVIM STARTED ---


times in msec
 clock   self+sourced   self:  sourced script
 clock   elapsed:              other lines

001.173  001.173: --- NVIM STARTING ---
017.964  016.791: locale set
031.791  013.827: inits 1
032.619  000.828: window checked
032.624  000.005: parsing arguments
033.416  000.792: expanding arguments
033.472  000.057: inits 2
033.873  000.401: init highlight
033.875  000.002: waiting for UI
034.662  000.787: done waiting for UI
034.676  000.014: initialized screen early for UI
035.254  000.020  000.020: sourcing /usr/share/nvim/archlinux.vim
035.262  000.053  000.033: sourcing /etc/xdg//nvim/sysinit.vim
050.872  000.737  000.737: sourcing /tmp/.mount_nvim9qrUKc/usr/share/nvim/runtime/syntax/syncolor.vim
052.875  000.118  000.118: sourcing /home/blake/.config/nvim/pack/lsp/opt/nvim-compe/plugin/compe.vim
053.042  017.760  016.905: sourcing /home/blake/.config/nvim/init.lua
053.053  000.564: sourcing vimrc file(s)
059.788  000.028  000.028: sourcing /usr/share/vim/vimfiles/ftdetect/lf.vim
059.975  000.013  000.013: sourcing /home/blake/.config/nvim/pack/lsp/start/nvim-treesitter/ftdetect/gdscript.vim
060.003  000.012  000.012: sourcing /home/blake/.config/nvim/pack/lsp/start/nvim-treesitter/ftdetect/gomod.vim
060.034  000.017  000.017: sourcing /home/blake/.config/nvim/pack/lsp/start/nvim-treesitter/ftdetect/hcl.vim
060.066  000.018  000.018: sourcing /home/blake/.config/nvim/pack/lsp/start/nvim-treesitter/ftdetect/query.vim
060.090  000.010  000.010: sourcing /home/blake/.config/nvim/pack/lsp/start/nvim-treesitter/ftdetect/yang.vim
061.009  007.819  007.721: sourcing /tmp/.mount_nvim9qrUKc/usr/share/nvim/runtime/filetype.vim
062.009  000.533  000.533: sourcing /tmp/.mount_nvim9qrUKc/usr/share/nvim/runtime/ftplugin.vim
063.102  000.463  000.463: sourcing /tmp/.mount_nvim9qrUKc/usr/share/nvim/runtime/indent.vim
064.072  000.030  000.030: sourcing /home/blake/.config/nvim/pack/colors/opt/zephyr-nvim/colors/zephyr.vim
064.145  000.167  000.137: sourcing /tmp/.mount_nvim9qrUKc/usr/share/nvim/runtime/syntax/synload.vim
064.241  000.784  000.617: sourcing /tmp/.mount_nvim9qrUKc/usr/share/nvim/runtime/syntax/syntax.vim
064.990  000.013  000.013: sourcing /home/blake/.config/nvim/pack/lsp/opt/nvim-compe/plugin/compe.vim
065.871  000.377  000.377: sourcing /tmp/.mount_nvim9qrUKc/usr/share/nvim/runtime/plugin/gzip.vim
065.928  000.027  000.027: sourcing /tmp/.mount_nvim9qrUKc/usr/share/nvim/runtime/plugin/health.vim
066.181  000.225  000.225: sourcing /tmp/.mount_nvim9qrUKc/usr/share/nvim/runtime/plugin/man.vim
066.237  000.026  000.026: sourcing /tmp/.mount_nvim9qrUKc/usr/share/nvim/runtime/plugin/matchit.vim
066.424  000.160  000.160: sourcing /tmp/.mount_nvim9qrUKc/usr/share/nvim/runtime/plugin/matchparen.vim
066.496  000.039  000.039: sourcing /tmp/.mount_nvim9qrUKc/usr/share/nvim/runtime/plugin/netrwPlugin.vim
066.676  000.153  000.153: sourcing /tmp/.mount_nvim9qrUKc/usr/share/nvim/runtime/plugin/rplugin.vim
066.899  000.193  000.193: sourcing /tmp/.mount_nvim9qrUKc/usr/share/nvim/runtime/plugin/shada.vim
066.960  000.026  000.026: sourcing /tmp/.mount_nvim9qrUKc/usr/share/nvim/runtime/plugin/spellfile.vim
067.023  000.028  000.028: sourcing /tmp/.mount_nvim9qrUKc/usr/share/nvim/runtime/plugin/tarPlugin.vim
067.083  000.028  000.028: sourcing /tmp/.mount_nvim9qrUKc/usr/share/nvim/runtime/plugin/tohtml.vim
067.142  000.029  000.029: sourcing /tmp/.mount_nvim9qrUKc/usr/share/nvim/runtime/plugin/tutor.vim
067.200  000.028  000.028: sourcing /tmp/.mount_nvim9qrUKc/usr/share/nvim/runtime/plugin/zipPlugin.vim
067.888  000.575  000.575: sourcing /usr/share/vim/vimfiles/plugin/fzf.vim
068.020  000.102  000.102: sourcing /usr/share/vim/vimfiles/plugin/redact_pass.vim
071.386  003.249  003.249: sourcing /home/blake/.config/nvim/plugin/compe.lua
086.518  015.109  015.109: sourcing /home/blake/.config/nvim/plugin/lspconfig.lua
087.847  001.295  001.295: sourcing /home/blake/.config/nvim/plugin/miscsetup.lua
091.599  003.722  003.722: sourcing /home/blake/.config/nvim/plugin/treesitter.lua
092.113  004.058: loading plugins
092.372  000.094  000.094: sourcing /home/blake/.config/nvim/pack/lsp/start/nvim-lspconfig/plugin/lspconfig.vim
092.565  000.048  000.048: sourcing /home/blake/.config/nvim/pack/lsp/start/nvim-lspinstall/plugin/lspinstall.vim
094.421  001.744  001.744: sourcing /home/blake/.config/nvim/pack/lsp/start/nvim-treesitter/plugin/nvim-treesitter.vim
094.566  000.015  000.015: sourcing /home/blake/.config/nvim/pack/lsp/start/nvim-treesitter/ftdetect/gdscript.vim
094.595  000.012  000.012: sourcing /home/blake/.config/nvim/pack/lsp/start/nvim-treesitter/ftdetect/gomod.vim
094.627  000.017  000.017: sourcing /home/blake/.config/nvim/pack/lsp/start/nvim-treesitter/ftdetect/hcl.vim
094.660  000.019  000.019: sourcing /home/blake/.config/nvim/pack/lsp/start/nvim-treesitter/ftdetect/query.vim
094.688  000.011  000.011: sourcing /home/blake/.config/nvim/pack/lsp/start/nvim-treesitter/ftdetect/yang.vim
096.428  001.660  001.660: sourcing /home/blake/.config/nvim/pack/other/start/kommentary/plugin/kommentary.vim
096.640  000.086  000.086: sourcing /home/blake/.config/nvim/pack/other/start/nvim-autopairs/plugin/nvim-autopairs.vim
096.777  000.018  000.018: sourcing /home/blake/.config/nvim/pack/other/start/which-key.nvim/plugin/which-key.vim
097.012  001.175: loading packages
101.869  004.787  004.787: sourcing /home/blake/.config/nvim/pack/lsp/opt/nvim-compe/after/plugin/compe.vim
102.107  000.308: loading after plugins
102.125  000.017: inits 3
104.416  002.291: reading ShaDa
104.681  000.265: opening buffers
104.730  000.048: BufEnter autocommands
104.733  000.003: editing files in windows
113.894  009.160: VimEnter autocommands
113.902  000.008: UIEnter autocommands
114.734  000.611  000.611: sourcing /tmp/.mount_nvim9qrUKc/usr/share/nvim/runtime/autoload/provider/clipboard.vim
114.749  000.236: before starting main loop
115.235  000.486: first screen update
115.239  000.003: --- NVIM STARTED ---


times in msec
 clock   self+sourced   self:  sourced script
 clock   elapsed:              other lines

001.318  001.318: --- NVIM STARTING ---
018.408  017.090: locale set
032.174  013.766: inits 1
033.004  000.831: window checked
033.009  000.005: parsing arguments
033.834  000.824: expanding arguments
033.888  000.054: inits 2
034.288  000.400: init highlight
034.290  000.002: waiting for UI
035.046  000.757: done waiting for UI
035.065  000.018: initialized screen early for UI
035.620  000.020  000.020: sourcing /usr/share/nvim/archlinux.vim
035.626  000.053  000.033: sourcing /etc/xdg//nvim/sysinit.vim
051.228  000.909  000.909: sourcing /tmp/.mount_nvimzRjk8W/usr/share/nvim/runtime/syntax/syncolor.vim
053.342  017.696  016.787: sourcing /home/blake/.config/nvim/init.lua
053.359  000.545: sourcing vimrc file(s)
060.090  000.028  000.028: sourcing /usr/share/vim/vimfiles/ftdetect/lf.vim
060.289  000.012  000.012: sourcing /home/blake/.config/nvim/pack/lsp/start/nvim-treesitter/ftdetect/gdscript.vim
060.315  000.011  000.011: sourcing /home/blake/.config/nvim/pack/lsp/start/nvim-treesitter/ftdetect/gomod.vim
060.357  000.019  000.019: sourcing /home/blake/.config/nvim/pack/lsp/start/nvim-treesitter/ftdetect/hcl.vim
060.390  000.018  000.018: sourcing /home/blake/.config/nvim/pack/lsp/start/nvim-treesitter/ftdetect/query.vim
060.413  000.010  000.010: sourcing /home/blake/.config/nvim/pack/lsp/start/nvim-treesitter/ftdetect/yang.vim
061.325  007.824  007.727: sourcing /tmp/.mount_nvimzRjk8W/usr/share/nvim/runtime/filetype.vim
062.280  000.566  000.566: sourcing /tmp/.mount_nvimzRjk8W/usr/share/nvim/runtime/ftplugin.vim
063.419  000.504  000.504: sourcing /tmp/.mount_nvimzRjk8W/usr/share/nvim/runtime/indent.vim
064.478  000.036  000.036: sourcing /home/blake/.config/nvim/pack/colors/opt/zephyr-nvim/colors/zephyr.vim
064.557  000.182  000.146: sourcing /tmp/.mount_nvimzRjk8W/usr/share/nvim/runtime/syntax/synload.vim
064.645  000.846  000.664: sourcing /tmp/.mount_nvimzRjk8W/usr/share/nvim/runtime/syntax/syntax.vim
066.149  000.407  000.407: sourcing /tmp/.mount_nvimzRjk8W/usr/share/nvim/runtime/plugin/gzip.vim
066.215  000.028  000.028: sourcing /tmp/.mount_nvimzRjk8W/usr/share/nvim/runtime/plugin/health.vim
066.501  000.258  000.258: sourcing /tmp/.mount_nvimzRjk8W/usr/share/nvim/runtime/plugin/man.vim
066.567  000.034  000.034: sourcing /tmp/.mount_nvimzRjk8W/usr/share/nvim/runtime/plugin/matchit.vim
066.763  000.168  000.168: sourcing /tmp/.mount_nvimzRjk8W/usr/share/nvim/runtime/plugin/matchparen.vim
066.833  000.035  000.035: sourcing /tmp/.mount_nvimzRjk8W/usr/share/nvim/runtime/plugin/netrwPlugin.vim
067.038  000.177  000.177: sourcing /tmp/.mount_nvimzRjk8W/usr/share/nvim/runtime/plugin/rplugin.vim
067.285  000.211  000.211: sourcing /tmp/.mount_nvimzRjk8W/usr/share/nvim/runtime/plugin/shada.vim
067.353  000.027  000.027: sourcing /tmp/.mount_nvimzRjk8W/usr/share/nvim/runtime/plugin/spellfile.vim
067.418  000.030  000.030: sourcing /tmp/.mount_nvimzRjk8W/usr/share/nvim/runtime/plugin/tarPlugin.vim
067.478  000.029  000.029: sourcing /tmp/.mount_nvimzRjk8W/usr/share/nvim/runtime/plugin/tohtml.vim
067.539  000.031  000.031: sourcing /tmp/.mount_nvimzRjk8W/usr/share/nvim/runtime/plugin/tutor.vim
067.599  000.029  000.029: sourcing /tmp/.mount_nvimzRjk8W/usr/share/nvim/runtime/plugin/zipPlugin.vim
068.293  000.573  000.573: sourcing /usr/share/vim/vimfiles/plugin/fzf.vim
068.425  000.101  000.101: sourcing /usr/share/vim/vimfiles/plugin/redact_pass.vim
071.700  003.157  003.157: sourcing /home/blake/.config/nvim/plugin/compe.lua
087.331  015.607  015.607: sourcing /home/blake/.config/nvim/plugin/lspconfig.lua
088.639  001.271  001.271: sourcing /home/blake/.config/nvim/plugin/miscsetup.lua
092.895  004.228  004.228: sourcing /home/blake/.config/nvim/plugin/treesitter.lua
093.371  003.870: loading plugins
093.873  000.323  000.323: sourcing /home/blake/.config/nvim/pack/lsp/start/nvim-compe/plugin/compe.vim
094.082  000.086  000.086: sourcing /home/blake/.config/nvim/pack/lsp/start/nvim-lspconfig/plugin/lspconfig.vim
094.267  000.044  000.044: sourcing /home/blake/.config/nvim/pack/lsp/start/nvim-lspinstall/plugin/lspinstall.vim
096.113  001.736  001.736: sourcing /home/blake/.config/nvim/pack/lsp/start/nvim-treesitter/plugin/nvim-treesitter.vim
096.255  000.014  000.014: sourcing /home/blake/.config/nvim/pack/lsp/start/nvim-treesitter/ftdetect/gdscript.vim
096.283  000.011  000.011: sourcing /home/blake/.config/nvim/pack/lsp/start/nvim-treesitter/ftdetect/gomod.vim
096.314  000.016  000.016: sourcing /home/blake/.config/nvim/pack/lsp/start/nvim-treesitter/ftdetect/hcl.vim
096.347  000.019  000.019: sourcing /home/blake/.config/nvim/pack/lsp/start/nvim-treesitter/ftdetect/query.vim
096.374  000.010  000.010: sourcing /home/blake/.config/nvim/pack/lsp/start/nvim-treesitter/ftdetect/yang.vim
098.079  001.626  001.626: sourcing /home/blake/.config/nvim/pack/other/start/kommentary/plugin/kommentary.vim
098.295  000.088  000.088: sourcing /home/blake/.config/nvim/pack/other/start/nvim-autopairs/plugin/nvim-autopairs.vim
099.060  000.575  000.575: sourcing /home/blake/.config/nvim/pack/other/start/vim-sandwich/plugin/operator/sandwich.vim
099.253  000.171  000.171: sourcing /home/blake/.config/nvim/pack/other/start/vim-sandwich/plugin/sandwich.vim
099.439  000.163  000.163: sourcing /home/blake/.config/nvim/pack/other/start/vim-sandwich/plugin/textobj/sandwich.vim
099.639  000.017  000.017: sourcing /home/blake/.config/nvim/pack/other/start/which-key.nvim/plugin/which-key.vim
099.995  001.723: loading packages
104.943  004.868  004.868: sourcing /home/blake/.config/nvim/pack/lsp/start/nvim-compe/after/plugin/compe.vim
105.195  000.333: loading after plugins
105.212  000.017: inits 3
107.501  002.289: reading ShaDa
107.758  000.257: opening buffers
107.806  000.048: BufEnter autocommands
107.809  000.003: editing files in windows
121.003  013.194: VimEnter autocommands
121.010  000.007: UIEnter autocommands
121.946  000.643  000.643: sourcing /tmp/.mount_nvimzRjk8W/usr/share/nvim/runtime/autoload/provider/clipboard.vim
121.961  000.308: before starting main loop
122.524  000.563: first screen update
122.528  000.004: --- NVIM STARTED ---
